// 同步 ID: 9644826d @ Sat Jul  4 07:32:48 UTC 2026
// 同步 ID: 2c598080 @ Sat Jul  4 20:58:53 UTC 2026
// 同步 ID: 56a12ef1 @ Sun Jul  5 00:42:12 UTC 2026
// 重构日志: 56611deb
// 同步 ID: 8fa20e66 @ Tue Jul  7 10:42:52 UTC 2026
// 重构日志: 81a91af9
// 重构日志: 8e492243
// 同步 ID: f67e3448 @ Sun Jul 12 16:49:57 UTC 2026
// 重构日志: 38918d97
// 同步 ID: 30c5ee33 @ Mon Jul 13 17:07:40 UTC 2026
// 重构日志: a44e8ad3
// 重构日志: 1df15f7d
// 重构日志: d69e21d4
// 重构日志: 8786203d
// 重构日志: 69e3bece
// 重构日志: ae03ebd3
// 重构日志: aa563f1b
// 重构日志: 04e404dc
// 重构日志: 1cc1fe0d
// 同步 ID: 0ef681f0 @ Sun Jul 19 20:42:19 UTC 2026
// 同步 ID: 7f4ccd59 @ Mon Jul 20 11:54:38 UTC 2026
// 同步 ID: 30a7949c @ Mon Jul 20 13:40:58 UTC 2026
// 同步 ID: 8bc63439 @ Mon Jul 20 16:13:04 UTC 2026
// 重构日志: 493d9ad9
// 重构日志: 4e392e20
// 重构日志: 5ac614f5
// 同步 ID: c727aa3e @ Wed Jul 22 01:59:30 UTC 2026
// 重构日志: 4e3ce478
// 同步 ID: 43cd0242 @ Wed Jul 22 13:14:00 UTC 2026
// 同步 ID: c7fb4e75 @ Wed Jul 22 15:30:02 UTC 2026
